<?xml version="1.0" encoding="UTF-8"?>
<!-- Generated by org.testng.reporters.JUnitXMLReporter -->
<testsuite ignored="0" hostname="DESKTOP-OE9L8AE" failures="0" tests="3" name="Test_ChromeFor" time="36.735" errors="0" timestamp="2024-04-04T14:11:23 IST">
  <testcase classname="Test_003Outside.Test_D" name="test1" time="0.011"/>
  <testcase classname="Test_003Outside.Test_D" name="test2" time="0.002"/>
  <testcase classname="Test_003Outside.Test_D" name="test3" time="0.003"/>
</testsuite> <!-- Test_ChromeFor -->
